0 	 1.554839e-03
100 	 3.775075e-03
200 	 4.018139e-03
300 	 3.936504e-03
400 	 3.932021e-03
500 	 3.928311e-03
600 	 3.924689e-03
700 	 3.921110e-03
800 	 3.917570e-03
900 	 3.914072e-03
1000 	 3.910616e-03
1100 	 3.907204e-03
1200 	 3.903836e-03
1300 	 3.900514e-03
1400 	 3.897236e-03
1500 	 3.894005e-03
1600 	 3.890820e-03
1700 	 3.887682e-03
1800 	 3.884590e-03
1900 	 3.881546e-03
2000 	 3.878549e-03
2100 	 3.875600e-03
2200 	 3.872699e-03
2300 	 3.869846e-03
2400 	 3.867041e-03
2500 	 3.864284e-03
2600 	 3.861576e-03
2700 	 3.858917e-03
2800 	 3.856307e-03
2900 	 3.853746e-03
3000 	 3.851234e-03
3100 	 3.848771e-03
3200 	 3.846357e-03
3300 	 3.843994e-03
3400 	 3.841680e-03
3500 	 3.839416e-03
3600 	 3.837202e-03
3700 	 3.835038e-03
3800 	 3.832924e-03
3900 	 3.830860e-03
4000 	 3.828847e-03
4100 	 3.826885e-03
4200 	 3.824973e-03
4300 	 3.823112e-03
4400 	 3.821302e-03
4500 	 3.819542e-03
4600 	 3.817834e-03
4700 	 3.816176e-03
4800 	 3.814570e-03
4900 	 3.813015e-03
5000 	 3.811512e-03
5100 	 3.810059e-03
5200 	 3.808658e-03
5300 	 3.807309e-03
5400 	 3.806011e-03
5500 	 3.804765e-03
5600 	 3.803571e-03
5700 	 3.802428e-03
5800 	 3.801337e-03
5900 	 3.800297e-03
6000 	 3.799310e-03
6100 	 3.798374e-03
6200 	 3.797491e-03
6300 	 3.796659e-03
6400 	 3.795879e-03
6500 	 3.795151e-03
6600 	 3.794475e-03
6700 	 3.793851e-03
6800 	 3.793279e-03
6900 	 3.792760e-03
7000 	 3.792292e-03
7100 	 3.791876e-03
7200 	 3.791512e-03
7300 	 3.791200e-03
7400 	 3.790940e-03
7500 	 3.790732e-03
7600 	 3.790576e-03
7700 	 3.790472e-03
7800 	 3.790419e-03
7900 	 3.790419e-03
8000 	 3.790470e-03
8100 	 3.790574e-03
8200 	 3.790728e-03
8300 	 3.790935e-03
8400 	 3.791193e-03
8500 	 3.791503e-03
8600 	 3.791865e-03
8700 	 3.792278e-03
8800 	 3.792742e-03
8900 	 3.793258e-03
9000 	 3.793825e-03
9100 	 3.794443e-03
9200 	 3.795112e-03
9300 	 3.795833e-03
9400 	 3.796604e-03
9500 	 3.797427e-03
9600 	 3.798300e-03
9700 	 3.799224e-03
9800 	 3.800199e-03
9900 	 3.801224e-03
10000 	 3.802299e-03
10100 	 3.803425e-03
10200 	 3.804601e-03
10300 	 3.805827e-03
10400 	 3.807104e-03
10500 	 3.808430e-03
10600 	 3.809806e-03
10700 	 3.811231e-03
10800 	 3.812706e-03
10900 	 3.814231e-03
11000 	 3.815804e-03
11100 	 3.817427e-03
11200 	 3.819099e-03
11300 	 3.820820e-03
11400 	 3.822589e-03
11500 	 3.824407e-03
11600 	 3.826274e-03
11700 	 3.828188e-03
11800 	 3.830151e-03
11900 	 3.832162e-03
12000 	 3.834220e-03
12100 	 3.836326e-03
12200 	 3.838480e-03
12300 	 3.840681e-03
12400 	 3.842929e-03
12500 	 3.845224e-03
12600 	 3.847565e-03
12700 	 3.849954e-03
12800 	 3.852389e-03
12900 	 3.854870e-03
13000 	 3.857397e-03
13100 	 3.859970e-03
13200 	 3.862589e-03
13300 	 3.865253e-03
13400 	 3.867962e-03
13500 	 3.870717e-03
13600 	 3.873517e-03
13700 	 3.876361e-03
13800 	 3.879250e-03
13900 	 3.882183e-03
14000 	 3.885160e-03
14100 	 3.888181e-03
14200 	 3.891246e-03
14300 	 3.894354e-03
14400 	 3.897506e-03
14500 	 3.900700e-03
14600 	 3.903938e-03
14700 	 3.907218e-03
14800 	 3.910541e-03
14900 	 3.913905e-03
15000 	 3.917312e-03
15100 	 3.920760e-03
15200 	 3.924250e-03
15300 	 3.927782e-03
15400 	 3.931354e-03
15500 	 3.934967e-03
15600 	 3.938621e-03
15700 	 3.942315e-03
15800 	 3.946049e-03
15900 	 3.949824e-03
16000 	 3.953637e-03
16100 	 3.957491e-03
16200 	 3.961383e-03
16300 	 3.965315e-03
16400 	 3.969285e-03
16500 	 3.973294e-03
16600 	 3.977340e-03
16700 	 3.981425e-03
16800 	 3.985548e-03
16900 	 3.989708e-03
17000 	 3.993906e-03
17100 	 3.998140e-03
17200 	 4.002411e-03
17300 	 4.006719e-03
17400 	 4.011063e-03
17500 	 4.015443e-03
17600 	 4.019859e-03
17700 	 4.024310e-03
17800 	 4.028797e-03
17900 	 4.033318e-03
18000 	 4.037875e-03
18100 	 4.042466e-03
18200 	 4.047091e-03
18300 	 4.051750e-03
18400 	 4.056443e-03
18500 	 4.061170e-03
18600 	 4.065929e-03
18700 	 4.070722e-03
18800 	 4.075548e-03
18900 	 4.080405e-03
19000 	 4.085296e-03
19100 	 4.090218e-03
19200 	 4.095172e-03
19300 	 4.100157e-03
19400 	 4.105174e-03
19500 	 4.110221e-03
19600 	 4.115300e-03
19700 	 4.120408e-03
19800 	 4.125547e-03
19900 	 4.130716e-03
20000 	 4.135915e-03
20100 	 4.141143e-03
20200 	 4.146400e-03
20300 	 4.151686e-03
20400 	 4.157001e-03
20500 	 4.162344e-03
20600 	 4.167715e-03
20700 	 4.173114e-03
20800 	 4.178541e-03
20900 	 4.183996e-03
21000 	 4.189477e-03
21100 	 4.194985e-03
21200 	 4.200520e-03
21300 	 4.206082e-03
21400 	 4.211669e-03
21500 	 4.217283e-03
21600 	 4.222922e-03
21700 	 4.228586e-03
21800 	 4.234276e-03
21900 	 4.239990e-03
22000 	 4.245730e-03
22100 	 4.251493e-03
22200 	 4.257281e-03
22300 	 4.263092e-03
22400 	 4.268928e-03
22500 	 4.274786e-03
22600 	 4.280668e-03
22700 	 4.286573e-03
22800 	 4.292500e-03
22900 	 4.298450e-03
23000 	 4.304422e-03
23100 	 4.310416e-03
23200 	 4.316432e-03
23300 	 4.322470e-03
23400 	 4.328528e-03
23500 	 4.334608e-03
23600 	 4.340708e-03
23700 	 4.346829e-03
23800 	 4.352970e-03
23900 	 4.359131e-03
24000 	 4.365312e-03
24100 	 4.371512e-03
24200 	 4.377732e-03
24300 	 4.383971e-03
24400 	 4.390229e-03
24500 	 4.396506e-03
24600 	 4.402801e-03
24700 	 4.409114e-03
24800 	 4.415446e-03
24900 	 4.421795e-03
25000 	 4.428161e-03
25100 	 4.434545e-03
25200 	 4.440946e-03
25300 	 4.447364e-03
25400 	 4.453799e-03
25500 	 4.460250e-03
25600 	 4.466717e-03
25700 	 4.473200e-03
25800 	 4.479699e-03
25900 	 4.486213e-03
26000 	 4.492743e-03
26100 	 4.499288e-03
26200 	 4.505848e-03
26300 	 4.512423e-03
26400 	 4.519012e-03
26500 	 4.525615e-03
26600 	 4.532233e-03
26700 	 4.538864e-03
26800 	 4.545509e-03
26900 	 4.552167e-03
27000 	 4.558839e-03
27100 	 4.565524e-03
27200 	 4.572222e-03
27300 	 4.578932e-03
27400 	 4.585655e-03
27500 	 4.592389e-03
27600 	 4.599137e-03
27700 	 4.605895e-03
27800 	 4.612666e-03
27900 	 4.619448e-03
28000 	 4.626241e-03
28100 	 4.633046e-03
28200 	 4.639861e-03
28300 	 4.646687e-03
28400 	 4.653523e-03
28500 	 4.660370e-03
28600 	 4.667227e-03
28700 	 4.674094e-03
28800 	 4.680971e-03
28900 	 4.687857e-03
29000 	 4.694753e-03
29100 	 4.701657e-03
29200 	 4.708571e-03
29300 	 4.715494e-03
29400 	 4.722426e-03
29500 	 4.729366e-03
29600 	 4.736314e-03
29700 	 4.743270e-03
29800 	 4.750235e-03
29900 	 4.757207e-03
30000 	 4.764187e-03
30100 	 4.771175e-03
30200 	 4.778169e-03
30300 	 4.785171e-03
30400 	 4.792180e-03
30500 	 4.799196e-03
30600 	 4.806218e-03
30700 	 4.813247e-03
30800 	 4.820282e-03
30900 	 4.827323e-03
31000 	 4.834370e-03
31100 	 4.841423e-03
31200 	 4.848482e-03
31300 	 4.855546e-03
31400 	 4.862616e-03
31500 	 4.869691e-03
31600 	 4.876771e-03
31700 	 4.883856e-03
31800 	 4.890945e-03
31900 	 4.898040e-03
32000 	 4.905138e-03
32100 	 4.912241e-03
32200 	 4.919348e-03
32300 	 4.926460e-03
32400 	 4.933575e-03
32500 	 4.940694e-03
32600 	 4.947816e-03
32700 	 4.954942e-03
32800 	 4.962071e-03
32900 	 4.969203e-03
33000 	 4.976339e-03
33100 	 4.983477e-03
33200 	 4.990618e-03
33300 	 4.997762e-03
33400 	 5.004908e-03
33500 	 5.012056e-03
33600 	 5.019207e-03
33700 	 5.026360e-03
33800 	 5.033515e-03
33900 	 5.040671e-03
34000 	 5.047830e-03
34100 	 5.054990e-03
34200 	 5.062151e-03
34300 	 5.069314e-03
34400 	 5.076478e-03
34500 	 5.083643e-03
34600 	 5.090809e-03
34700 	 5.097976e-03
34800 	 5.105143e-03
34900 	 5.112312e-03
35000 	 5.119480e-03
35100 	 5.126649e-03
35200 	 5.133819e-03
35300 	 5.140988e-03
35400 	 5.148158e-03
35500 	 5.155327e-03
35600 	 5.162496e-03
35700 	 5.169665e-03
35800 	 5.176834e-03
35900 	 5.184002e-03
36000 	 5.191169e-03
36100 	 5.198335e-03
36200 	 5.205501e-03
36300 	 5.212666e-03
36400 	 5.219830e-03
36500 	 5.226992e-03
36600 	 5.234153e-03
36700 	 5.241313e-03
36800 	 5.248472e-03
36900 	 5.255629e-03
37000 	 5.262784e-03
37100 	 5.269937e-03
37200 	 5.277089e-03
37300 	 5.284239e-03
37400 	 5.291386e-03
37500 	 5.298532e-03
37600 	 5.305675e-03
37700 	 5.312816e-03
37800 	 5.319954e-03
37900 	 5.327090e-03
38000 	 5.334223e-03
38100 	 5.341354e-03
38200 	 5.348481e-03
38300 	 5.355606e-03
38400 	 5.362728e-03
38500 	 5.369847e-03
38600 	 5.376963e-03
38700 	 5.384075e-03
38800 	 5.391185e-03
38900 	 5.398290e-03
39000 	 5.405393e-03
39100 	 5.412492e-03
39200 	 5.419587e-03
39300 	 5.426678e-03
39400 	 5.433766e-03
39500 	 5.440850e-03
39600 	 5.447929e-03
39700 	 5.455005e-03
39800 	 5.462077e-03
39900 	 5.469144e-03
40000 	 5.476208e-03
40100 	 5.483267e-03
40200 	 5.490321e-03
40300 	 5.497371e-03
40400 	 5.504417e-03
40500 	 5.511458e-03
40600 	 5.518494e-03
40700 	 5.525525e-03
40800 	 5.532552e-03
40900 	 5.539574e-03
41000 	 5.546590e-03
41100 	 5.553602e-03
41200 	 5.560609e-03
41300 	 5.567610e-03
41400 	 5.574607e-03
41500 	 5.581598e-03
41600 	 5.588583e-03
41700 	 5.595563e-03
41800 	 5.602538e-03
41900 	 5.609507e-03
42000 	 5.616471e-03
42100 	 5.623429e-03
42200 	 5.630381e-03
42300 	 5.637327e-03
42400 	 5.644268e-03
42500 	 5.651203e-03
42600 	 5.658131e-03
42700 	 5.665054e-03
42800 	 5.671971e-03
42900 	 5.678881e-03
43000 	 5.685786e-03
43100 	 5.692684e-03
43200 	 5.699576e-03
43300 	 5.706461e-03
43400 	 5.713340e-03
43500 	 5.720213e-03
43600 	 5.727079e-03
43700 	 5.733939e-03
43800 	 5.740792e-03
43900 	 5.747639e-03
44000 	 5.754478e-03
44100 	 5.761311e-03
44200 	 5.768138e-03
44300 	 5.774957e-03
44400 	 5.781770e-03
44500 	 5.788575e-03
44600 	 5.795374e-03
44700 	 5.802166e-03
44800 	 5.808950e-03
44900 	 5.815728e-03
45000 	 5.822498e-03
45100 	 5.829261e-03
45200 	 5.836017e-03
45300 	 5.842766e-03
45400 	 5.849507e-03
45500 	 5.856242e-03
45600 	 5.862968e-03
45700 	 5.869687e-03
45800 	 5.876399e-03
45900 	 5.883103e-03
46000 	 5.889800e-03
46100 	 5.896489e-03
46200 	 5.903171e-03
46300 	 5.909845e-03
46400 	 5.916511e-03
46500 	 5.923169e-03
46600 	 5.929820e-03
46700 	 5.936463e-03
46800 	 5.943098e-03
46900 	 5.949725e-03
47000 	 5.956345e-03
47100 	 5.962956e-03
47200 	 5.969559e-03
47300 	 5.976155e-03
47400 	 5.982742e-03
47500 	 5.989322e-03
47600 	 5.995893e-03
47700 	 6.002456e-03
47800 	 6.009011e-03
47900 	 6.015558e-03
48000 	 6.022097e-03
48100 	 6.028627e-03
48200 	 6.035149e-03
48300 	 6.041663e-03
48400 	 6.048168e-03
48500 	 6.054666e-03
48600 	 6.061154e-03
48700 	 6.067635e-03
48800 	 6.074107e-03
48900 	 6.080571e-03
49000 	 6.087026e-03
49100 	 6.093472e-03
49200 	 6.099910e-03
49300 	 6.106340e-03
49400 	 6.112761e-03
49500 	 6.119173e-03
49600 	 6.125577e-03
49700 	 6.131972e-03
49800 	 6.138359e-03
49900 	 6.144737e-03
50000 	 6.151106e-03
50100 	 6.157466e-03
50200 	 6.163818e-03
50300 	 6.170161e-03
50400 	 6.176495e-03
50500 	 6.182820e-03
50600 	 6.189137e-03
50700 	 6.195445e-03
50800 	 6.201743e-03
50900 	 6.208033e-03
51000 	 6.214315e-03
51100 	 6.220587e-03
51200 	 6.226850e-03
51300 	 6.233104e-03
51400 	 6.239350e-03
51500 	 6.245586e-03
51600 	 6.251814e-03
51700 	 6.258032e-03
51800 	 6.264242e-03
51900 	 6.270442e-03
52000 	 6.276633e-03
52100 	 6.282816e-03
52200 	 6.288989e-03
52300 	 6.295153e-03
52400 	 6.301308e-03
52500 	 6.307454e-03
52600 	 6.313591e-03
52700 	 6.319718e-03
52800 	 6.325837e-03
52900 	 6.331946e-03
53000 	 6.338047e-03
53100 	 6.344138e-03
53200 	 6.350219e-03
53300 	 6.356292e-03
53400 	 6.362355e-03
53500 	 6.368410e-03
53600 	 6.374455e-03
53700 	 6.380490e-03
53800 	 6.386517e-03
53900 	 6.392534e-03
54000 	 6.398542e-03
54100 	 6.404540e-03
54200 	 6.410530e-03
54300 	 6.416510e-03
54400 	 6.422481e-03
54500 	 6.428442e-03
54600 	 6.434394e-03
54700 	 6.440337e-03
54800 	 6.446270e-03
54900 	 6.452194e-03
55000 	 6.458109e-03
55100 	 6.464015e-03
55200 	 6.469911e-03
55300 	 6.475797e-03
55400 	 6.481675e-03
55500 	 6.487543e-03
55600 	 6.493401e-03
55700 	 6.499250e-03
55800 	 6.505090e-03
55900 	 6.510921e-03
56000 	 6.516742e-03
56100 	 6.522553e-03
56200 	 6.528356e-03
56300 	 6.534148e-03
56400 	 6.539932e-03
56500 	 6.545706e-03
56600 	 6.551470e-03
56700 	 6.557226e-03
56800 	 6.562971e-03
56900 	 6.568708e-03
57000 	 6.574435e-03
57100 	 6.580152e-03
57200 	 6.585860e-03
57300 	 6.591559e-03
57400 	 6.597248e-03
57500 	 6.602928e-03
57600 	 6.608598e-03
57700 	 6.614259e-03
57800 	 6.619910e-03
57900 	 6.625552e-03
58000 	 6.631185e-03
58100 	 6.636808e-03
58200 	 6.642422e-03
58300 	 6.648026e-03
58400 	 6.653621e-03
58500 	 6.659206e-03
58600 	 6.664782e-03
58700 	 6.670348e-03
58800 	 6.675906e-03
58900 	 6.681453e-03
59000 	 6.686991e-03
59100 	 6.692520e-03
59200 	 6.698040e-03
59300 	 6.703550e-03
59400 	 6.709050e-03
59500 	 6.714541e-03
59600 	 6.720023e-03
59700 	 6.725495e-03
59800 	 6.730958e-03
59900 	 6.736412e-03
60000 	 6.741856e-03
60100 	 6.747290e-03
60200 	 6.752716e-03
60300 	 6.758131e-03
60400 	 6.763538e-03
60500 	 6.768935e-03
60600 	 6.774323e-03
60700 	 6.779701e-03
60800 	 6.785070e-03
60900 	 6.790430e-03
61000 	 6.795780e-03
61100 	 6.801121e-03
61200 	 6.806452e-03
61300 	 6.811774e-03
61400 	 6.817087e-03
61500 	 6.822390e-03
61600 	 6.827685e-03
61700 	 6.832969e-03
61800 	 6.838245e-03
61900 	 6.843511e-03
62000 	 6.848768e-03
62100 	 6.854015e-03
62200 	 6.859253e-03
62300 	 6.864482e-03
62400 	 6.869702e-03
62500 	 6.874912e-03
62600 	 6.880113e-03
62700 	 6.885305e-03
62800 	 6.890487e-03
62900 	 6.895661e-03
63000 	 6.900824e-03
63100 	 6.905979e-03
63200 	 6.911125e-03
63300 	 6.916261e-03
63400 	 6.921388e-03
63500 	 6.926506e-03
63600 	 6.931614e-03
63700 	 6.936714e-03
63800 	 6.941804e-03
63900 	 6.946885e-03
64000 	 6.951956e-03
64100 	 6.957019e-03
64200 	 6.962072e-03
64300 	 6.967117e-03
64400 	 6.972152e-03
64500 	 6.977178e-03
64600 	 6.982195e-03
64700 	 6.987202e-03
64800 	 6.992201e-03
64900 	 6.997191e-03
65000 	 7.002171e-03
65100 	 7.007142e-03
65200 	 7.012104e-03
65300 	 7.017058e-03
65400 	 7.022002e-03
65500 	 7.026937e-03
65600 	 7.031863e-03
65700 	 7.036780e-03
65800 	 7.041687e-03
65900 	 7.046586e-03
66000 	 7.051476e-03
66100 	 7.056357e-03
66200 	 7.061229e-03
66300 	 7.066092e-03
66400 	 7.070946e-03
66500 	 7.075791e-03
66600 	 7.080627e-03
66700 	 7.085454e-03
66800 	 7.090272e-03
66900 	 7.095081e-03
67000 	 7.099881e-03
67100 	 7.104673e-03
67200 	 7.109455e-03
67300 	 7.114229e-03
67400 	 7.118993e-03
67500 	 7.123749e-03
67600 	 7.128496e-03
67700 	 7.133234e-03
67800 	 7.137964e-03
67900 	 7.142684e-03
68000 	 7.147396e-03
68100 	 7.152099e-03
68200 	 7.156793e-03
68300 	 7.161478e-03
68400 	 7.166155e-03
68500 	 7.170822e-03
68600 	 7.175481e-03
68700 	 7.180132e-03
68800 	 7.184773e-03
68900 	 7.189406e-03
69000 	 7.194030e-03
69100 	 7.198646e-03
69200 	 7.203253e-03
69300 	 7.207851e-03
69400 	 7.212440e-03
69500 	 7.217021e-03
69600 	 7.221593e-03
69700 	 7.226157e-03
69800 	 7.230712e-03
69900 	 7.235258e-03
70000 	 7.239796e-03
70100 	 7.244325e-03
70200 	 7.248845e-03
70300 	 7.253358e-03
70400 	 7.257861e-03
70500 	 7.262356e-03
70600 	 7.266842e-03
70700 	 7.271320e-03
70800 	 7.275790e-03
70900 	 7.280251e-03
71000 	 7.284703e-03
71100 	 7.289147e-03
71200 	 7.293583e-03
71300 	 7.298010e-03
71400 	 7.302429e-03
71500 	 7.306839e-03
71600 	 7.311241e-03
71700 	 7.315635e-03
71800 	 7.320020e-03
71900 	 7.324396e-03
72000 	 7.328765e-03
72100 	 7.333125e-03
72200 	 7.337477e-03
72300 	 7.341820e-03
72400 	 7.346155e-03
72500 	 7.350482e-03
72600 	 7.354801e-03
72700 	 7.359111e-03
72800 	 7.363413e-03
72900 	 7.367707e-03
73000 	 7.371993e-03
73100 	 7.376270e-03
73200 	 7.380539e-03
73300 	 7.384800e-03
73400 	 7.389053e-03
73500 	 7.393298e-03
73600 	 7.397534e-03
73700 	 7.401763e-03
73800 	 7.405983e-03
73900 	 7.410195e-03
74000 	 7.414399e-03
74100 	 7.418595e-03
74200 	 7.422783e-03
74300 	 7.426963e-03
74400 	 7.431134e-03
74500 	 7.435298e-03
74600 	 7.439454e-03
74700 	 7.443601e-03
74800 	 7.447741e-03
74900 	 7.451873e-03
75000 	 7.455996e-03
75100 	 7.460112e-03
75200 	 7.464220e-03
75300 	 7.468320e-03
75400 	 7.472412e-03
75500 	 7.476496e-03
75600 	 7.480572e-03
75700 	 7.484640e-03
75800 	 7.488701e-03
75900 	 7.492753e-03
76000 	 7.496798e-03
76100 	 7.500835e-03
76200 	 7.504864e-03
76300 	 7.508885e-03
76400 	 7.512898e-03
76500 	 7.516904e-03
76600 	 7.520902e-03
76700 	 7.524892e-03
76800 	 7.528874e-03
76900 	 7.532849e-03
77000 	 7.536816e-03
77100 	 7.540775e-03
77200 	 7.544727e-03
77300 	 7.548671e-03
77400 	 7.552607e-03
77500 	 7.556536e-03
77600 	 7.560457e-03
77700 	 7.564370e-03
77800 	 7.568276e-03
77900 	 7.572174e-03
78000 	 7.576064e-03
78100 	 7.579947e-03
78200 	 7.583823e-03
78300 	 7.587690e-03
78400 	 7.591551e-03
78500 	 7.595404e-03
78600 	 7.599249e-03
78700 	 7.603087e-03
78800 	 7.606917e-03
78900 	 7.610740e-03
79000 	 7.614555e-03
79100 	 7.618363e-03
79200 	 7.622164e-03
79300 	 7.625957e-03
79400 	 7.629743e-03
79500 	 7.633521e-03
79600 	 7.637292e-03
79700 	 7.641056e-03
79800 	 7.644812e-03
79900 	 7.648561e-03
80000 	 7.652302e-03
80100 	 7.656037e-03
80200 	 7.659764e-03
80300 	 7.663483e-03
80400 	 7.667196e-03
80500 	 7.670901e-03
80600 	 7.674599e-03
80700 	 7.678290e-03
80800 	 7.681973e-03
80900 	 7.685649e-03
81000 	 7.689318e-03
81100 	 7.692980e-03
81200 	 7.696635e-03
81300 	 7.700283e-03
81400 	 7.703923e-03
81500 	 7.707556e-03
81600 	 7.711183e-03
81700 	 7.714802e-03
81800 	 7.718414e-03
81900 	 7.722019e-03
82000 	 7.725617e-03
82100 	 7.729207e-03
82200 	 7.732791e-03
82300 	 7.736368e-03
82400 	 7.739938e-03
82500 	 7.743500e-03
82600 	 7.747056e-03
82700 	 7.750605e-03
82800 	 7.754147e-03
82900 	 7.757682e-03
83000 	 7.761210e-03
83100 	 7.764731e-03
83200 	 7.768245e-03
83300 	 7.771752e-03
83400 	 7.775252e-03
83500 	 7.778746e-03
83600 	 7.782232e-03
83700 	 7.785712e-03
83800 	 7.789185e-03
83900 	 7.792651e-03
84000 	 7.796110e-03
84100 	 7.799563e-03
84200 	 7.803009e-03
84300 	 7.806448e-03
84400 	 7.809880e-03
84500 	 7.813305e-03
84600 	 7.816724e-03
84700 	 7.820136e-03
84800 	 7.823541e-03
84900 	 7.826940e-03
85000 	 7.830332e-03
85100 	 7.833717e-03
85200 	 7.837095e-03
85300 	 7.840467e-03
85400 	 7.843833e-03
85500 	 7.847191e-03
85600 	 7.850543e-03
85700 	 7.853889e-03
85800 	 7.857228e-03
85900 	 7.860560e-03
86000 	 7.863886e-03
86100 	 7.867205e-03
86200 	 7.870517e-03
86300 	 7.873824e-03
86400 	 7.877123e-03
86500 	 7.880416e-03
86600 	 7.883703e-03
86700 	 7.886983e-03
86800 	 7.890257e-03
86900 	 7.893524e-03
87000 	 7.896785e-03
87100 	 7.900039e-03
87200 	 7.903287e-03
87300 	 7.906529e-03
87400 	 7.909764e-03
87500 	 7.912993e-03
87600 	 7.916215e-03
87700 	 7.919431e-03
87800 	 7.922641e-03
87900 	 7.925844e-03
88000 	 7.929041e-03
88100 	 7.932232e-03
88200 	 7.935417e-03
88300 	 7.938595e-03
88400 	 7.941767e-03
88500 	 7.944932e-03
88600 	 7.948092e-03
88700 	 7.951245e-03
88800 	 7.954392e-03
88900 	 7.957532e-03
89000 	 7.960667e-03
89100 	 7.963795e-03
89200 	 7.966917e-03
89300 	 7.970033e-03
89400 	 7.973143e-03
89500 	 7.976247e-03
89600 	 7.979344e-03
89700 	 7.982436e-03
89800 	 7.985521e-03
89900 	 7.988600e-03
90000 	 7.991673e-03
90100 	 7.994740e-03
90200 	 7.997801e-03
90300 	 8.000856e-03
90400 	 8.003905e-03
90500 	 8.006948e-03
90600 	 8.009985e-03
90700 	 8.013016e-03
90800 	 8.016040e-03
90900 	 8.019059e-03
91000 	 8.022072e-03
91100 	 8.025079e-03
91200 	 8.028080e-03
91300 	 8.031075e-03
91400 	 8.034064e-03
91500 	 8.037047e-03
91600 	 8.040024e-03
91700 	 8.042995e-03
91800 	 8.045961e-03
91900 	 8.048920e-03
92000 	 8.051874e-03
92100 	 8.054822e-03
92200 	 8.057764e-03
92300 	 8.060700e-03
92400 	 8.063630e-03
92500 	 8.066554e-03
92600 	 8.069473e-03
92700 	 8.072386e-03
92800 	 8.075293e-03
92900 	 8.078194e-03
93000 	 8.081090e-03
93100 	 8.083979e-03
93200 	 8.086863e-03
93300 	 8.089741e-03
93400 	 8.092614e-03
93500 	 8.095481e-03
93600 	 8.098342e-03
93700 	 8.101197e-03
93800 	 8.104047e-03
93900 	 8.106891e-03
94000 	 8.109729e-03
94100 	 8.112562e-03
94200 	 8.115389e-03
94300 	 8.118211e-03
94400 	 8.121026e-03
94500 	 8.123837e-03
94600 	 8.126641e-03
94700 	 8.129440e-03
94800 	 8.132233e-03
94900 	 8.135021e-03
95000 	 8.137803e-03
95100 	 8.140580e-03
95200 	 8.143351e-03
95300 	 8.146117e-03
95400 	 8.148877e-03
95500 	 8.151631e-03
95600 	 8.154380e-03
95700 	 8.157124e-03
95800 	 8.159862e-03
95900 	 8.162594e-03
96000 	 8.165321e-03
96100 	 8.168043e-03
96200 	 8.170759e-03
96300 	 8.173469e-03
96400 	 8.176175e-03
96500 	 8.178874e-03
96600 	 8.181569e-03
96700 	 8.184257e-03
96800 	 8.186941e-03
96900 	 8.189619e-03
97000 	 8.192292e-03
97100 	 8.194959e-03
97200 	 8.197621e-03
97300 	 8.200277e-03
97400 	 8.202928e-03
97500 	 8.205574e-03
97600 	 8.208215e-03
97700 	 8.210850e-03
97800 	 8.213480e-03
97900 	 8.216104e-03
98000 	 8.218723e-03
98100 	 8.221337e-03
98200 	 8.223945e-03
98300 	 8.226549e-03
98400 	 8.229147e-03
98500 	 8.231739e-03
98600 	 8.234327e-03
98700 	 8.236909e-03
98800 	 8.239486e-03
98900 	 8.242057e-03
99000 	 8.244624e-03
99100 	 8.247185e-03
99200 	 8.249741e-03
99300 	 8.252291e-03
99400 	 8.254837e-03
99500 	 8.257377e-03
99600 	 8.259912e-03
99700 	 8.262442e-03
99800 	 8.264967e-03
99900 	 8.267486e-03
100000 	 8.270001e-03
100100 	 8.272510e-03
100200 	 8.275014e-03
100300 	 8.277512e-03
100400 	 8.280006e-03
100500 	 8.282495e-03
100600 	 8.284978e-03
100700 	 8.287456e-03
100800 	 8.289929e-03
100900 	 8.292397e-03
101000 	 8.294860e-03
101100 	 8.297318e-03
101200 	 8.299770e-03
101300 	 8.302218e-03
101400 	 8.304660e-03
101500 	 8.307097e-03
101600 	 8.309530e-03
101700 	 8.311957e-03
101800 	 8.314379e-03
101900 	 8.316796e-03
102000 	 8.319208e-03
102100 	 8.321614e-03
102200 	 8.324016e-03
102300 	 8.326413e-03
102400 	 8.328804e-03
102500 	 8.331191e-03
102600 	 8.333572e-03
102700 	 8.335949e-03
102800 	 8.338320e-03
102900 	 8.340687e-03
103000 	 8.343048e-03
103100 	 8.345404e-03
103200 	 8.347755e-03
103300 	 8.350102e-03
103400 	 8.352443e-03
103500 	 8.354779e-03
103600 	 8.357110e-03
103700 	 8.359436e-03
103800 	 8.361757e-03
103900 	 8.364073e-03
104000 	 8.366384e-03
104100 	 8.368690e-03
104200 	 8.370991e-03
104300 	 8.373287e-03
104400 	 8.375578e-03
104500 	 8.377864e-03
104600 	 8.380145e-03
104700 	 8.382421e-03
104800 	 8.384691e-03
104900 	 8.386957e-03
105000 	 8.389218e-03
105100 	 8.391474e-03
105200 	 8.393725e-03
105300 	 8.395970e-03
105400 	 8.398211e-03
105500 	 8.400447e-03
105600 	 8.402678e-03
105700 	 8.404903e-03
105800 	 8.407124e-03
105900 	 8.409340e-03
106000 	 8.411550e-03
106100 	 8.413756e-03
106200 	 8.415956e-03
106300 	 8.418152e-03
106400 	 8.420342e-03
106500 	 8.422527e-03
106600 	 8.424708e-03
106700 	 8.426883e-03
106800 	 8.429053e-03
106900 	 8.431218e-03
107000 	 8.433378e-03
107100 	 8.435533e-03
107200 	 8.437683e-03
107300 	 8.439828e-03
107400 	 8.441967e-03
107500 	 8.444102e-03
107600 	 8.446231e-03
107700 	 8.448356e-03
107800 	 8.450475e-03
107900 	 8.452589e-03
108000 	 8.454698e-03
108100 	 8.456801e-03
108200 	 8.458900e-03
108300 	 8.460993e-03
108400 	 8.463081e-03
108500 	 8.465164e-03
108600 	 8.467242e-03
108700 	 8.469315e-03
108800 	 8.471382e-03
108900 	 8.473444e-03
109000 	 8.475501e-03
109100 	 8.477552e-03
109200 	 8.479599e-03
109300 	 8.481640e-03
109400 	 8.483675e-03
109500 	 8.485706e-03
109600 	 8.487730e-03
109700 	 8.489750e-03
109800 	 8.491764e-03
109900 	 8.493773e-03
110000 	 8.495776e-03
110100 	 8.497774e-03
110200 	 8.499767e-03
110300 	 8.501754e-03
110400 	 8.503735e-03
110500 	 8.505711e-03
110600 	 8.507681e-03
110700 	 8.509646e-03
110800 	 8.511605e-03
110900 	 8.513559e-03
111000 	 8.515507e-03
111100 	 8.517449e-03
111200 	 8.519386e-03
111300 	 8.521316e-03
111400 	 8.523241e-03
111500 	 8.525161e-03
111600 	 8.527074e-03
111700 	 8.528982e-03
111800 	 8.530883e-03
111900 	 8.532779e-03
112000 	 8.534669e-03
112100 	 8.536552e-03
112200 	 8.538430e-03
112300 	 8.540302e-03
112400 	 8.542167e-03
112500 	 8.544027e-03
112600 	 8.545880e-03
112700 	 8.547727e-03
112800 	 8.549567e-03
112900 	 8.551402e-03
113000 	 8.553230e-03
113100 	 8.555051e-03
113200 	 8.556866e-03
113300 	 8.558674e-03
113400 	 8.560476e-03
113500 	 8.562271e-03
113600 	 8.564060e-03
113700 	 8.565842e-03
113800 	 8.567616e-03
113900 	 8.569384e-03
114000 	 8.571145e-03
114100 	 8.572899e-03
114200 	 8.574646e-03
114300 	 8.576385e-03
114400 	 8.578118e-03
114500 	 8.579843e-03
114600 	 8.581560e-03
114700 	 8.583270e-03
114800 	 8.584973e-03
114900 	 8.586667e-03
115000 	 8.588354e-03
115100 	 8.590034e-03
115200 	 8.591705e-03
115300 	 8.593368e-03
115400 	 8.595023e-03
115500 	 8.596669e-03
115600 	 8.598307e-03
115700 	 8.599937e-03
115800 	 8.601558e-03
115900 	 8.603170e-03
116000 	 8.604774e-03
116100 	 8.606368e-03
116200 	 8.607953e-03
116300 	 8.609529e-03
116400 	 8.611096e-03
116500 	 8.612653e-03
116600 	 8.614200e-03
116700 	 8.615737e-03
116800 	 8.617264e-03
116900 	 8.618781e-03
117000 	 8.620287e-03
117100 	 8.621783e-03
117200 	 8.623268e-03
117300 	 8.624742e-03
117400 	 8.626204e-03
117500 	 8.627656e-03
117600 	 8.629095e-03
117700 	 8.630523e-03
117800 	 8.631938e-03
117900 	 8.633341e-03
118000 	 8.634731e-03
118100 	 8.636109e-03
118200 	 8.637473e-03
118300 	 8.638824e-03
118400 	 8.640160e-03
118500 	 8.641483e-03
118600 	 8.642791e-03
118700 	 8.644085e-03
118800 	 8.645363e-03
118900 	 8.646625e-03
119000 	 8.647872e-03
119100 	 8.649103e-03
119200 	 8.650316e-03
119300 	 8.651513e-03
119400 	 8.652692e-03
119500 	 8.653853e-03
119600 	 8.654995e-03
119700 	 8.656118e-03
119800 	 8.657222e-03
119900 	 8.658305e-03
120000 	 8.659368e-03
120100 	 8.660410e-03
120200 	 8.661429e-03
120300 	 8.662426e-03
120400 	 8.663400e-03
120500 	 8.664350e-03
120600 	 8.665275e-03
120700 	 8.666175e-03
120800 	 8.667048e-03
120900 	 8.667895e-03
121000 	 8.668713e-03
121100 	 8.669503e-03
121200 	 8.670263e-03
121300 	 8.670993e-03
121400 	 8.671690e-03
121500 	 8.672356e-03
121600 	 8.672987e-03
121700 	 8.673583e-03
121800 	 8.674144e-03
121900 	 8.674667e-03
122000 	 8.675151e-03
122100 	 8.675596e-03
122200 	 8.676000e-03
122300 	 8.676362e-03
122400 	 8.676679e-03
122500 	 8.676952e-03
122600 	 8.677178e-03
122700 	 8.677356e-03
122800 	 8.677485e-03
122900 	 8.677562e-03
123000 	 8.677588e-03
123100 	 8.677559e-03
123200 	 8.677476e-03
123300 	 8.677337e-03
123400 	 8.677140e-03
123500 	 8.676885e-03
123600 	 8.676571e-03
123700 	 8.676197e-03
123800 	 8.675764e-03
123900 	 8.675271e-03
124000 	 8.674720e-03
124100 	 8.674111e-03
124200 	 8.673447e-03
124300 	 8.672731e-03
124400 	 8.671967e-03
124500 	 8.671161e-03
124600 	 8.670319e-03
124700 	 8.669452e-03
124800 	 8.668571e-03
124900 	 8.667691e-03
125000 	 8.666830e-03
125100 	 8.666010e-03
125200 	 8.665259e-03
125300 	 8.664611e-03
125400 	 8.664105e-03
125500 	 8.663790e-03
125600 	 8.663723e-03
125700 	 8.663975e-03
125800 	 8.664626e-03
125900 	 8.665772e-03
126000 	 8.667525e-03
126100 	 8.670013e-03
126200 	 8.673382e-03
126300 	 8.677800e-03
126400 	 8.683450e-03
126500 	 8.690533e-03
126600 	 8.699264e-03
126700 	 8.709868e-03
126800 	 8.722569e-03
126900 	 8.737584e-03
127000 	 8.755109e-03
127100 	 8.775308e-03
127200 	 8.798295e-03
127300 	 8.824123e-03
127400 	 8.852774e-03
127500 	 8.884149e-03
127600 	 8.918071e-03
127700 	 8.954284e-03
127800 	 8.992470e-03
127900 	 9.032260e-03
128000 	 9.073254e-03
128100 	 9.115043e-03
128200 	 9.157225e-03
128300 	 9.199424e-03
128400 	 9.241298e-03
128500 	 9.282554e-03
128600 	 9.322943e-03
128700 	 9.362268e-03
128800 	 9.400378e-03
128900 	 9.437165e-03
129000 	 9.472559e-03
129100 	 9.506522e-03
129200 	 9.539042e-03
129300 	 9.570130e-03
129400 	 9.599810e-03
129500 	 9.628122e-03
129600 	 9.655115e-03
129700 	 9.680840e-03
129800 	 9.705357e-03
129900 	 9.728725e-03
130000 	 9.751003e-03
130100 	 9.772253e-03
130200 	 9.792531e-03
130300 	 9.811895e-03
130400 	 9.830399e-03
130500 	 9.848094e-03
130600 	 9.865030e-03
130700 	 9.881252e-03
130800 	 9.896804e-03
130900 	 9.911728e-03
131000 	 9.926061e-03
131100 	 9.939840e-03
131200 	 9.953098e-03
131300 	 9.965867e-03
131400 	 9.978175e-03
131500 	 9.990050e-03
131600 	 1.000152e-02
131700 	 1.001260e-02
131800 	 1.002332e-02
131900 	 1.003370e-02
132000 	 1.004376e-02
132100 	 1.005351e-02
132200 	 1.006298e-02
132300 	 1.007217e-02
132400 	 1.008111e-02
132500 	 1.008980e-02
132600 	 1.009827e-02
132700 	 1.010651e-02
132800 	 1.011455e-02
132900 	 1.012239e-02
133000 	 1.013004e-02
133100 	 1.013751e-02
133200 	 1.014481e-02
133300 	 1.015196e-02
133400 	 1.015894e-02
133500 	 1.016579e-02
133600 	 1.017249e-02
133700 	 1.017905e-02
133800 	 1.018549e-02
133900 	 1.019181e-02
134000 	 1.019801e-02
134100 	 1.020410e-02
134200 	 1.021008e-02
134300 	 1.021596e-02
134400 	 1.022174e-02
134500 	 1.022743e-02
134600 	 1.023303e-02
134700 	 1.023854e-02
134800 	 1.024396e-02
134900 	 1.024931e-02
135000 	 1.025458e-02
135100 	 1.025977e-02
135200 	 1.026490e-02
135300 	 1.026995e-02
135400 	 1.027494e-02
135500 	 1.027986e-02
135600 	 1.028473e-02
135700 	 1.028953e-02
135800 	 1.029428e-02
135900 	 1.029897e-02
136000 	 1.030360e-02
136100 	 1.030819e-02
136200 	 1.031272e-02
136300 	 1.031721e-02
136400 	 1.032165e-02
136500 	 1.032604e-02
136600 	 1.033039e-02
136700 	 1.033470e-02
136800 	 1.033896e-02
136900 	 1.034319e-02
137000 	 1.034737e-02
137100 	 1.035152e-02
137200 	 1.035563e-02
137300 	 1.035971e-02
137400 	 1.036375e-02
137500 	 1.036776e-02
137600 	 1.037173e-02
137700 	 1.037568e-02
137800 	 1.037959e-02
137900 	 1.038347e-02
138000 	 1.038733e-02
138100 	 1.039115e-02
138200 	 1.039495e-02
138300 	 1.039872e-02
138400 	 1.040246e-02
138500 	 1.040618e-02
138600 	 1.040987e-02
138700 	 1.041354e-02
138800 	 1.041718e-02
138900 	 1.042081e-02
139000 	 1.042440e-02
139100 	 1.042798e-02
139200 	 1.043153e-02
139300 	 1.043507e-02
139400 	 1.043858e-02
139500 	 1.044207e-02
139600 	 1.044554e-02
139700 	 1.044900e-02
139800 	 1.045243e-02
139900 	 1.045585e-02
140000 	 1.045924e-02
140100 	 1.046262e-02
140200 	 1.046598e-02
140300 	 1.046933e-02
140400 	 1.047266e-02
140500 	 1.047597e-02
140600 	 1.047926e-02
140700 	 1.048254e-02
140800 	 1.048581e-02
140900 	 1.048906e-02
141000 	 1.049229e-02
141100 	 1.049551e-02
141200 	 1.049872e-02
141300 	 1.050191e-02
141400 	 1.050509e-02
141500 	 1.050825e-02
141600 	 1.051140e-02
141700 	 1.051454e-02
141800 	 1.051766e-02
141900 	 1.052077e-02
142000 	 1.052387e-02
142100 	 1.052696e-02
142200 	 1.053004e-02
142300 	 1.053310e-02
142400 	 1.053615e-02
142500 	 1.053919e-02
142600 	 1.054222e-02
142700 	 1.054524e-02
142800 	 1.054825e-02
142900 	 1.055124e-02
143000 	 1.055423e-02
143100 	 1.055720e-02
143200 	 1.056017e-02
143300 	 1.056312e-02
143400 	 1.056607e-02
143500 	 1.056900e-02
143600 	 1.057193e-02
143700 	 1.057485e-02
143800 	 1.057775e-02
143900 	 1.058065e-02
144000 	 1.058354e-02
144100 	 1.058642e-02
144200 	 1.058929e-02
144300 	 1.059215e-02
144400 	 1.059500e-02
144500 	 1.059784e-02
144600 	 1.060068e-02
144700 	 1.060351e-02
144800 	 1.060633e-02
144900 	 1.060914e-02
145000 	 1.061194e-02
145100 	 1.061473e-02
145200 	 1.061752e-02
145300 	 1.062030e-02
145400 	 1.062307e-02
145500 	 1.062583e-02
145600 	 1.062859e-02
145700 	 1.063134e-02
145800 	 1.063408e-02
145900 	 1.063682e-02
146000 	 1.063954e-02
146100 	 1.064226e-02
146200 	 1.064498e-02
146300 	 1.064768e-02
146400 	 1.065038e-02
146500 	 1.065307e-02
146600 	 1.065576e-02
146700 	 1.065844e-02
146800 	 1.066111e-02
146900 	 1.066378e-02
147000 	 1.066644e-02
147100 	 1.066909e-02
147200 	 1.067174e-02
147300 	 1.067438e-02
147400 	 1.067701e-02
147500 	 1.067964e-02
147600 	 1.068226e-02
147700 	 1.068488e-02
147800 	 1.068749e-02
147900 	 1.069009e-02
148000 	 1.069269e-02
148100 	 1.069529e-02
148200 	 1.069787e-02
148300 	 1.070045e-02
148400 	 1.070303e-02
148500 	 1.070560e-02
148600 	 1.070816e-02
148700 	 1.071072e-02
148800 	 1.071327e-02
148900 	 1.071582e-02
149000 	 1.071837e-02
149100 	 1.072090e-02
149200 	 1.072343e-02
149300 	 1.072596e-02
149400 	 1.072848e-02
149500 	 1.073100e-02
149600 	 1.073351e-02
149700 	 1.073602e-02
149800 	 1.073852e-02
149900 	 1.074101e-02
150000 	 1.074350e-02
150100 	 1.074599e-02
150200 	 1.074847e-02
150300 	 1.075095e-02
150400 	 1.075342e-02
150500 	 1.075589e-02
150600 	 1.075835e-02
150700 	 1.076081e-02
150800 	 1.076326e-02
150900 	 1.076571e-02
151000 	 1.076815e-02
151100 	 1.077059e-02
151200 	 1.077302e-02
151300 	 1.077545e-02
151400 	 1.077788e-02
151500 	 1.078030e-02
151600 	 1.078271e-02
151700 	 1.078512e-02
151800 	 1.078753e-02
151900 	 1.078994e-02
152000 	 1.079233e-02
152100 	 1.079473e-02
152200 	 1.079712e-02
152300 	 1.079950e-02
152400 	 1.080189e-02
152500 	 1.080426e-02
152600 	 1.080664e-02
152700 	 1.080901e-02
152800 	 1.081137e-02
152900 	 1.081373e-02
153000 	 1.081609e-02
153100 	 1.081844e-02
153200 	 1.082079e-02
153300 	 1.082313e-02
153400 	 1.082547e-02
153500 	 1.082781e-02
153600 	 1.083014e-02
153700 	 1.083247e-02
153800 	 1.083480e-02
153900 	 1.083712e-02
154000 	 1.083944e-02
154100 	 1.084175e-02
154200 	 1.084406e-02
154300 	 1.084636e-02
154400 	 1.084867e-02
154500 	 1.085096e-02
154600 	 1.085326e-02
154700 	 1.085555e-02
154800 	 1.085784e-02
154900 	 1.086012e-02
155000 	 1.086240e-02
155100 	 1.086468e-02
155200 	 1.086695e-02
155300 	 1.086922e-02
155400 	 1.087148e-02
155500 	 1.087374e-02
155600 	 1.087600e-02
155700 	 1.087826e-02
155800 	 1.088051e-02
155900 	 1.088275e-02
156000 	 1.088500e-02
156100 	 1.088724e-02
156200 	 1.088948e-02
156300 	 1.089171e-02
156400 	 1.089394e-02
156500 	 1.089617e-02
156600 	 1.089839e-02
156700 	 1.090061e-02
156800 	 1.090283e-02
156900 	 1.090504e-02
157000 	 1.090725e-02
157100 	 1.090946e-02
157200 	 1.091166e-02
157300 	 1.091386e-02
157400 	 1.091606e-02
157500 	 1.091825e-02
157600 	 1.092044e-02
157700 	 1.092263e-02
157800 	 1.092481e-02
157900 	 1.092699e-02
158000 	 1.092917e-02
158100 	 1.093134e-02
158200 	 1.093351e-02
158300 	 1.093568e-02
158400 	 1.093784e-02
158500 	 1.094000e-02
158600 	 1.094216e-02
158700 	 1.094432e-02
158800 	 1.094647e-02
158900 	 1.094862e-02
159000 	 1.095076e-02
159100 	 1.095291e-02
159200 	 1.095505e-02
159300 	 1.095718e-02
159400 	 1.095932e-02
159500 	 1.096145e-02
159600 	 1.096358e-02
159700 	 1.096570e-02
159800 	 1.096782e-02
159900 	 1.096994e-02
160000 	 1.097206e-02
160100 	 1.097417e-02
160200 	 1.097628e-02
160300 	 1.097838e-02
160400 	 1.098049e-02
160500 	 1.098259e-02
160600 	 1.098469e-02
160700 	 1.098678e-02
160800 	 1.098887e-02
160900 	 1.099096e-02
161000 	 1.099305e-02
161100 	 1.099513e-02
161200 	 1.099721e-02
161300 	 1.099929e-02
161400 	 1.100137e-02
161500 	 1.100344e-02
161600 	 1.100551e-02
161700 	 1.100758e-02
161800 	 1.100964e-02
161900 	 1.101170e-02
162000 	 1.101376e-02
162100 	 1.101581e-02
162200 	 1.101787e-02
162300 	 1.101992e-02
162400 	 1.102196e-02
162500 	 1.102401e-02
162600 	 1.102605e-02
162700 	 1.102809e-02
162800 	 1.103012e-02
162900 	 1.103216e-02
163000 	 1.103419e-02
163100 	 1.103622e-02
163200 	 1.103824e-02
163300 	 1.104027e-02
163400 	 1.104229e-02
163500 	 1.104430e-02
163600 	 1.104632e-02
163700 	 1.104833e-02
163800 	 1.105034e-02
163900 	 1.105235e-02
164000 	 1.105435e-02
164100 	 1.105635e-02
164200 	 1.105835e-02
164300 	 1.106035e-02
164400 	 1.106234e-02
164500 	 1.106433e-02
164600 	 1.106632e-02
164700 	 1.106831e-02
164800 	 1.107029e-02
164900 	 1.107227e-02
165000 	 1.107425e-02
165100 	 1.107623e-02
165200 	 1.107820e-02
165300 	 1.108017e-02
165400 	 1.108214e-02
165500 	 1.108411e-02
165600 	 1.108607e-02
165700 	 1.108803e-02
165800 	 1.108999e-02
165900 	 1.109195e-02
166000 	 1.109390e-02
166100 	 1.109585e-02
166200 	 1.109780e-02
166300 	 1.109975e-02
166400 	 1.110169e-02
166500 	 1.110363e-02
166600 	 1.110557e-02
166700 	 1.110751e-02
166800 	 1.110944e-02
166900 	 1.111137e-02
167000 	 1.111330e-02
167100 	 1.111523e-02
167200 	 1.111715e-02
167300 	 1.111908e-02
167400 	 1.112100e-02
167500 	 1.112291e-02
167600 	 1.112483e-02
167700 	 1.112674e-02
167800 	 1.112865e-02
167900 	 1.113056e-02
168000 	 1.113246e-02
168100 	 1.113437e-02
168200 	 1.113627e-02
168300 	 1.113817e-02
168400 	 1.114006e-02
168500 	 1.114196e-02
168600 	 1.114385e-02
168700 	 1.114574e-02
168800 	 1.114762e-02
168900 	 1.114951e-02
169000 	 1.115139e-02
169100 	 1.115327e-02
169200 	 1.115515e-02
169300 	 1.115702e-02
169400 	 1.115890e-02
169500 	 1.116077e-02
169600 	 1.116264e-02
169700 	 1.116450e-02
169800 	 1.116637e-02
169900 	 1.116823e-02
170000 	 1.117009e-02
170100 	 1.117195e-02
170200 	 1.117380e-02
170300 	 1.117565e-02
170400 	 1.117750e-02
170500 	 1.117935e-02
170600 	 1.118120e-02
170700 	 1.118304e-02
170800 	 1.118489e-02
170900 	 1.118673e-02
171000 	 1.118856e-02
171100 	 1.119040e-02
171200 	 1.119223e-02
171300 	 1.119406e-02
171400 	 1.119589e-02
171500 	 1.119772e-02
171600 	 1.119954e-02
171700 	 1.120136e-02
171800 	 1.120318e-02
171900 	 1.120500e-02
172000 	 1.120682e-02
172100 	 1.120863e-02
172200 	 1.121044e-02
172300 	 1.121225e-02
172400 	 1.121406e-02
172500 	 1.121587e-02
172600 	 1.121767e-02
172700 	 1.121947e-02
172800 	 1.122127e-02
172900 	 1.122307e-02
173000 	 1.122486e-02
173100 	 1.122665e-02
173200 	 1.122844e-02
173300 	 1.123023e-02
173400 	 1.123202e-02
173500 	 1.123380e-02
173600 	 1.123559e-02
173700 	 1.123737e-02
173800 	 1.123914e-02
173900 	 1.124092e-02
174000 	 1.124269e-02
174100 	 1.124447e-02
174200 	 1.124624e-02
174300 	 1.124800e-02
174400 	 1.124977e-02
174500 	 1.125153e-02
174600 	 1.125330e-02
174700 	 1.125506e-02
174800 	 1.125681e-02
174900 	 1.125857e-02
175000 	 1.126032e-02
175100 	 1.126208e-02
175200 	 1.126383e-02
175300 	 1.126557e-02
175400 	 1.126732e-02
175500 	 1.126906e-02
175600 	 1.127080e-02
175700 	 1.127254e-02
175800 	 1.127428e-02
175900 	 1.127602e-02
176000 	 1.127775e-02
176100 	 1.127948e-02
176200 	 1.128121e-02
176300 	 1.128294e-02
176400 	 1.128467e-02
176500 	 1.128639e-02
176600 	 1.128811e-02
176700 	 1.128983e-02
176800 	 1.129155e-02
176900 	 1.129327e-02
177000 	 1.129498e-02
177100 	 1.129670e-02
177200 	 1.129841e-02
177300 	 1.130011e-02
177400 	 1.130182e-02
177500 	 1.130353e-02
177600 	 1.130523e-02
177700 	 1.130693e-02
177800 	 1.130863e-02
177900 	 1.131033e-02
178000 	 1.131202e-02
178100 	 1.131372e-02
178200 	 1.131541e-02
178300 	 1.131710e-02
178400 	 1.131878e-02
178500 	 1.132047e-02
178600 	 1.132215e-02
178700 	 1.132384e-02
178800 	 1.132552e-02
178900 	 1.132719e-02
179000 	 1.132887e-02
179100 	 1.133055e-02
179200 	 1.133222e-02
179300 	 1.133389e-02
179400 	 1.133556e-02
179500 	 1.133723e-02
179600 	 1.133889e-02
179700 	 1.134056e-02
179800 	 1.134222e-02
179900 	 1.134388e-02
180000 	 1.134554e-02
180100 	 1.134719e-02
180200 	 1.134885e-02
180300 	 1.135050e-02
180400 	 1.135215e-02
180500 	 1.135380e-02
180600 	 1.135545e-02
180700 	 1.135709e-02
180800 	 1.135874e-02
180900 	 1.136038e-02
181000 	 1.136202e-02
181100 	 1.136366e-02
181200 	 1.136529e-02
181300 	 1.136693e-02
181400 	 1.136856e-02
181500 	 1.137019e-02
181600 	 1.137182e-02
181700 	 1.137345e-02
181800 	 1.137507e-02
181900 	 1.137670e-02
182000 	 1.137832e-02
182100 	 1.137994e-02
182200 	 1.138156e-02
182300 	 1.138318e-02
182400 	 1.138479e-02
182500 	 1.138641e-02
182600 	 1.138802e-02
182700 	 1.138963e-02
182800 	 1.139124e-02
182900 	 1.139284e-02
183000 	 1.139445e-02
183100 	 1.139605e-02
183200 	 1.139765e-02
183300 	 1.139925e-02
183400 	 1.140085e-02
183500 	 1.140245e-02
183600 	 1.140404e-02
183700 	 1.140563e-02
183800 	 1.140722e-02
183900 	 1.140881e-02
184000 	 1.141040e-02
184100 	 1.141199e-02
184200 	 1.141357e-02
184300 	 1.141515e-02
184400 	 1.141674e-02
184500 	 1.141831e-02
184600 	 1.141989e-02
184700 	 1.142147e-02
184800 	 1.142304e-02
184900 	 1.142462e-02
185000 	 1.142619e-02
185100 	 1.142776e-02
185200 	 1.142932e-02
185300 	 1.143089e-02
185400 	 1.143245e-02
185500 	 1.143402e-02
185600 	 1.143558e-02
185700 	 1.143714e-02
185800 	 1.143869e-02
185900 	 1.144025e-02
186000 	 1.144180e-02
186100 	 1.144336e-02
186200 	 1.144491e-02
186300 	 1.144646e-02
186400 	 1.144800e-02
186500 	 1.144955e-02
186600 	 1.145110e-02
186700 	 1.145264e-02
186800 	 1.145418e-02
186900 	 1.145572e-02
187000 	 1.145726e-02
187100 	 1.145879e-02
187200 	 1.146033e-02
187300 	 1.146186e-02
187400 	 1.146339e-02
187500 	 1.146492e-02
187600 	 1.146645e-02
187700 	 1.146798e-02
187800 	 1.146950e-02
187900 	 1.147103e-02
188000 	 1.147255e-02
188100 	 1.147407e-02
188200 	 1.147559e-02
188300 	 1.147711e-02
188400 	 1.147862e-02
188500 	 1.148014e-02
188600 	 1.148165e-02
188700 	 1.148316e-02
188800 	 1.148467e-02
188900 	 1.148618e-02
189000 	 1.148768e-02
189100 	 1.148919e-02
189200 	 1.149069e-02
189300 	 1.149219e-02
189400 	 1.149369e-02
189500 	 1.149519e-02
189600 	 1.149669e-02
189700 	 1.149818e-02
189800 	 1.149968e-02
189900 	 1.150117e-02
190000 	 1.150266e-02
190100 	 1.150415e-02
190200 	 1.150564e-02
190300 	 1.150712e-02
190400 	 1.150861e-02
190500 	 1.151009e-02
190600 	 1.151157e-02
190700 	 1.151305e-02
190800 	 1.151453e-02
190900 	 1.151601e-02
191000 	 1.151748e-02
191100 	 1.151896e-02
191200 	 1.152043e-02
191300 	 1.152190e-02
191400 	 1.152337e-02
191500 	 1.152484e-02
191600 	 1.152631e-02
191700 	 1.152777e-02
191800 	 1.152923e-02
191900 	 1.153070e-02
192000 	 1.153216e-02
192100 	 1.153362e-02
192200 	 1.153507e-02
192300 	 1.153653e-02
192400 	 1.153798e-02
192500 	 1.153944e-02
192600 	 1.154089e-02
192700 	 1.154234e-02
192800 	 1.154379e-02
192900 	 1.154523e-02
193000 	 1.154668e-02
193100 	 1.154812e-02
193200 	 1.154957e-02
193300 	 1.155101e-02
193400 	 1.155245e-02
193500 	 1.155389e-02
193600 	 1.155532e-02
193700 	 1.155676e-02
193800 	 1.155819e-02
193900 	 1.155963e-02
194000 	 1.156106e-02
194100 	 1.156249e-02
194200 	 1.156391e-02
194300 	 1.156534e-02
194400 	 1.156677e-02
194500 	 1.156819e-02
194600 	 1.156961e-02
194700 	 1.157103e-02
194800 	 1.157245e-02
194900 	 1.157387e-02
195000 	 1.157529e-02
195100 	 1.157670e-02
195200 	 1.157812e-02
195300 	 1.157953e-02
195400 	 1.158094e-02
195500 	 1.158235e-02
195600 	 1.158376e-02
195700 	 1.158517e-02
195800 	 1.158657e-02
195900 	 1.158798e-02
196000 	 1.158938e-02
196100 	 1.159078e-02
196200 	 1.159218e-02
196300 	 1.159358e-02
196400 	 1.159498e-02
196500 	 1.159637e-02
196600 	 1.159777e-02
196700 	 1.159916e-02
196800 	 1.160055e-02
196900 	 1.160194e-02
197000 	 1.160333e-02
197100 	 1.160472e-02
197200 	 1.160610e-02
197300 	 1.160749e-02
197400 	 1.160887e-02
197500 	 1.161025e-02
197600 	 1.161163e-02
197700 	 1.161301e-02
197800 	 1.161439e-02
197900 	 1.161577e-02
198000 	 1.161714e-02
198100 	 1.161851e-02
198200 	 1.161989e-02
198300 	 1.162126e-02
198400 	 1.162263e-02
198500 	 1.162400e-02
198600 	 1.162536e-02
198700 	 1.162673e-02
198800 	 1.162809e-02
198900 	 1.162946e-02
199000 	 1.163082e-02
199100 	 1.163218e-02
199200 	 1.163354e-02
199300 	 1.163489e-02
199400 	 1.163625e-02
199500 	 1.163761e-02
199600 	 1.163896e-02
199700 	 1.164031e-02
199800 	 1.164166e-02
199900 	 1.164301e-02
200000 	 1.164436e-02
200100 	 1.164571e-02
200200 	 1.164705e-02
200300 	 1.164840e-02
200400 	 1.164974e-02
200500 	 1.165108e-02
200600 	 1.165242e-02
200700 	 1.165376e-02
200800 	 1.165510e-02
200900 	 1.165643e-02
201000 	 1.165777e-02
201100 	 1.165910e-02
201200 	 1.166044e-02
201300 	 1.166177e-02
201400 	 1.166310e-02
201500 	 1.166443e-02
201600 	 1.166575e-02
201700 	 1.166708e-02
201800 	 1.166840e-02
201900 	 1.166973e-02
202000 	 1.167105e-02
202100 	 1.167237e-02
202200 	 1.167369e-02
202300 	 1.167501e-02
202400 	 1.167633e-02
202500 	 1.167764e-02
202600 	 1.167896e-02
202700 	 1.168027e-02
202800 	 1.168158e-02
202900 	 1.168289e-02
203000 	 1.168420e-02
203100 	 1.168551e-02
203200 	 1.168682e-02
203300 	 1.168812e-02
203400 	 1.168943e-02
203500 	 1.169073e-02
203600 	 1.169203e-02
203700 	 1.169333e-02
203800 	 1.169463e-02
203900 	 1.169593e-02
204000 	 1.169723e-02
204100 	 1.169852e-02
204200 	 1.169982e-02
204300 	 1.170111e-02
204400 	 1.170240e-02
204500 	 1.170369e-02
204600 	 1.170498e-02
204700 	 1.170627e-02
204800 	 1.170756e-02
204900 	 1.170884e-02
205000 	 1.171013e-02
205100 	 1.171141e-02
205200 	 1.171269e-02
205300 	 1.171398e-02
205400 	 1.171526e-02
205500 	 1.171653e-02
205600 	 1.171781e-02
205700 	 1.171909e-02
205800 	 1.172036e-02
205900 	 1.172164e-02
206000 	 1.172291e-02
206100 	 1.172418e-02
206200 	 1.172545e-02
206300 	 1.172672e-02
206400 	 1.172798e-02
206500 	 1.172925e-02
206600 	 1.173052e-02
206700 	 1.173178e-02
206800 	 1.173304e-02
206900 	 1.173430e-02
207000 	 1.173556e-02
207100 	 1.173682e-02
207200 	 1.173808e-02
207300 	 1.173934e-02
207400 	 1.174059e-02
207500 	 1.174185e-02
207600 	 1.174310e-02
207700 	 1.174435e-02
207800 	 1.174560e-02
207900 	 1.174685e-02
208000 	 1.174810e-02
208100 	 1.174935e-02
208200 	 1.175060e-02
208300 	 1.175184e-02
208400 	 1.175308e-02
208500 	 1.175433e-02
208600 	 1.175557e-02
208700 	 1.175681e-02
208800 	 1.175805e-02
208900 	 1.175929e-02
209000 	 1.176052e-02
209100 	 1.176176e-02
209200 	 1.176299e-02
209300 	 1.176423e-02
209400 	 1.176546e-02
209500 	 1.176669e-02
209600 	 1.176792e-02
209700 	 1.176915e-02
209800 	 1.177037e-02
209900 	 1.177160e-02
210000 	 1.177283e-02
210100 	 1.177405e-02
210200 	 1.177527e-02
210300 	 1.177649e-02
210400 	 1.177772e-02
210500 	 1.177893e-02
210600 	 1.178015e-02
210700 	 1.178137e-02
210800 	 1.178259e-02
210900 	 1.178380e-02
211000 	 1.178501e-02
211100 	 1.178623e-02
211200 	 1.178744e-02
211300 	 1.178865e-02
211400 	 1.178986e-02
211500 	 1.179107e-02
211600 	 1.179227e-02
211700 	 1.179348e-02
211800 	 1.179468e-02
211900 	 1.179589e-02
212000 	 1.179709e-02
212100 	 1.179829e-02
212200 	 1.179949e-02
212300 	 1.180069e-02
212400 	 1.180189e-02
212500 	 1.180309e-02
212600 	 1.180428e-02
212700 	 1.180548e-02
212800 	 1.180667e-02
212900 	 1.180786e-02
213000 	 1.180906e-02
213100 	 1.181025e-02
213200 	 1.181144e-02
213300 	 1.181262e-02
213400 	 1.181381e-02
213500 	 1.181500e-02
213600 	 1.181618e-02
213700 	 1.181737e-02
213800 	 1.181855e-02
213900 	 1.181973e-02
214000 	 1.182091e-02
214100 	 1.182209e-02
214200 	 1.182327e-02
214300 	 1.182445e-02
214400 	 1.182562e-02
214500 	 1.182680e-02
214600 	 1.182797e-02
214700 	 1.182914e-02
214800 	 1.183032e-02
214900 	 1.183149e-02
215000 	 1.183266e-02
215100 	 1.183382e-02
215200 	 1.183499e-02
215300 	 1.183616e-02
215400 	 1.183732e-02
215500 	 1.183849e-02
215600 	 1.183965e-02
215700 	 1.184081e-02
215800 	 1.184198e-02
215900 	 1.184314e-02
216000 	 1.184430e-02
216100 	 1.184545e-02
216200 	 1.184661e-02
216300 	 1.184777e-02
216400 	 1.184892e-02
216500 	 1.185007e-02
216600 	 1.185123e-02
216700 	 1.185238e-02
216800 	 1.185353e-02
216900 	 1.185468e-02
217000 	 1.185583e-02
217100 	 1.185698e-02
217200 	 1.185812e-02
217300 	 1.185927e-02
217400 	 1.186041e-02
217500 	 1.186156e-02
217600 	 1.186270e-02
217700 	 1.186384e-02
217800 	 1.186498e-02
217900 	 1.186612e-02
218000 	 1.186726e-02
218100 	 1.186839e-02
218200 	 1.186953e-02
218300 	 1.187067e-02
218400 	 1.187180e-02
218500 	 1.187293e-02
218600 	 1.187406e-02
218700 	 1.187520e-02
218800 	 1.187633e-02
218900 	 1.187746e-02
219000 	 1.187858e-02
219100 	 1.187971e-02
219200 	 1.188084e-02
219300 	 1.188196e-02
219400 	 1.188308e-02
219500 	 1.188421e-02
219600 	 1.188533e-02
219700 	 1.188645e-02
219800 	 1.188757e-02
219900 	 1.188869e-02
220000 	 1.188981e-02
220100 	 1.189092e-02
220200 	 1.189204e-02
220300 	 1.189316e-02
220400 	 1.189427e-02
220500 	 1.189538e-02
220600 	 1.189649e-02
220700 	 1.189760e-02
220800 	 1.189871e-02
220900 	 1.189982e-02
221000 	 1.190093e-02
221100 	 1.190204e-02
221200 	 1.190314e-02
221300 	 1.190425e-02
221400 	 1.190535e-02
221500 	 1.190646e-02
221600 	 1.190756e-02
221700 	 1.190866e-02
221800 	 1.190976e-02
221900 	 1.191086e-02
222000 	 1.191196e-02
222100 	 1.191305e-02
222200 	 1.191415e-02
222300 	 1.191524e-02
222400 	 1.191634e-02
222500 	 1.191743e-02
222600 	 1.191852e-02
222700 	 1.191962e-02
222800 	 1.192071e-02
222900 	 1.192180e-02
223000 	 1.192288e-02
223100 	 1.192397e-02
223200 	 1.192506e-02
223300 	 1.192614e-02
223400 	 1.192723e-02
223500 	 1.192831e-02
223600 	 1.192939e-02
223700 	 1.193048e-02
223800 	 1.193156e-02
223900 	 1.193264e-02
224000 	 1.193371e-02
224100 	 1.193479e-02
224200 	 1.193587e-02
224300 	 1.193695e-02
224400 	 1.193802e-02
224500 	 1.193909e-02
224600 	 1.194017e-02
224700 	 1.194124e-02
224800 	 1.194231e-02
224900 	 1.194338e-02
225000 	 1.194445e-02
225100 	 1.194552e-02
225200 	 1.194659e-02
225300 	 1.194765e-02
225400 	 1.194872e-02
225500 	 1.194978e-02
225600 	 1.195085e-02
225700 	 1.195191e-02
225800 	 1.195297e-02
225900 	 1.195403e-02
226000 	 1.195509e-02
226100 	 1.195615e-02
226200 	 1.195721e-02
226300 	 1.195827e-02
226400 	 1.195932e-02
226500 	 1.196038e-02
226600 	 1.196143e-02
226700 	 1.196249e-02
226800 	 1.196354e-02
226900 	 1.196459e-02
227000 	 1.196564e-02
227100 	 1.196669e-02
227200 	 1.196774e-02
227300 	 1.196879e-02
227400 	 1.196983e-02
227500 	 1.197088e-02
227600 	 1.197193e-02
227700 	 1.197297e-02
227800 	 1.197401e-02
227900 	 1.197506e-02
228000 	 1.197610e-02
228100 	 1.197714e-02
228200 	 1.197818e-02
228300 	 1.197922e-02
228400 	 1.198026e-02
228500 	 1.198129e-02
228600 	 1.198233e-02
228700 	 1.198336e-02
228800 	 1.198440e-02
228900 	 1.198543e-02
229000 	 1.198646e-02
229100 	 1.198750e-02
229200 	 1.198853e-02
229300 	 1.198956e-02
229400 	 1.199059e-02
229500 	 1.199161e-02
229600 	 1.199264e-02
229700 	 1.199367e-02
229800 	 1.199469e-02
229900 	 1.199572e-02
230000 	 1.199674e-02
230100 	 1.199776e-02
230200 	 1.199879e-02
230300 	 1.199981e-02
230400 	 1.200083e-02
230500 	 1.200185e-02
230600 	 1.200286e-02
230700 	 1.200388e-02
230800 	 1.200490e-02
230900 	 1.200591e-02
231000 	 1.200693e-02
231100 	 1.200794e-02
231200 	 1.200896e-02
231300 	 1.200997e-02
231400 	 1.201098e-02
231500 	 1.201199e-02
231600 	 1.201300e-02
231700 	 1.201401e-02
231800 	 1.201502e-02
231900 	 1.201603e-02
232000 	 1.201703e-02
232100 	 1.201804e-02
232200 	 1.201904e-02
232300 	 1.202004e-02
232400 	 1.202105e-02
232500 	 1.202205e-02
232600 	 1.202305e-02
232700 	 1.202405e-02
232800 	 1.202505e-02
232900 	 1.202605e-02
233000 	 1.202705e-02
233100 	 1.202804e-02
233200 	 1.202904e-02
233300 	 1.203003e-02
233400 	 1.203103e-02
233500 	 1.203202e-02
233600 	 1.203301e-02
233700 	 1.203401e-02
233800 	 1.203500e-02
233900 	 1.203599e-02
234000 	 1.203698e-02
234100 	 1.203797e-02
234200 	 1.203895e-02
234300 	 1.203994e-02
234400 	 1.204093e-02
234500 	 1.204191e-02
234600 	 1.204289e-02
234700 	 1.204388e-02
234800 	 1.204486e-02
234900 	 1.204584e-02
235000 	 1.204682e-02
235100 	 1.204780e-02
235200 	 1.204878e-02
235300 	 1.204976e-02
235400 	 1.205074e-02
235500 	 1.205171e-02
235600 	 1.205269e-02
235700 	 1.205367e-02
235800 	 1.205464e-02
235900 	 1.205561e-02
236000 	 1.205659e-02
236100 	 1.205756e-02
236200 	 1.205853e-02
236300 	 1.205950e-02
236400 	 1.206047e-02
236500 	 1.206144e-02
236600 	 1.206240e-02
236700 	 1.206337e-02
236800 	 1.206434e-02
236900 	 1.206530e-02
237000 	 1.206627e-02
237100 	 1.206723e-02
237200 	 1.206819e-02
237300 	 1.206916e-02
237400 	 1.207012e-02
237500 	 1.207108e-02
237600 	 1.207204e-02
237700 	 1.207300e-02
237800 	 1.207395e-02
237900 	 1.207491e-02
238000 	 1.207587e-02
238100 	 1.207682e-02
238200 	 1.207778e-02
238300 	 1.207873e-02
238400 	 1.207968e-02
238500 	 1.208064e-02
238600 	 1.208159e-02
238700 	 1.208254e-02
238800 	 1.208349e-02
238900 	 1.208444e-02
239000 	 1.208539e-02
239100 	 1.208633e-02
239200 	 1.208728e-02
239300 	 1.208823e-02
239400 	 1.208917e-02
239500 	 1.209012e-02
239600 	 1.209106e-02
239700 	 1.209200e-02
239800 	 1.209295e-02
239900 	 1.209389e-02
240000 	 1.209483e-02
240100 	 1.209577e-02
240200 	 1.209671e-02
240300 	 1.209765e-02
240400 	 1.209858e-02
240500 	 1.209952e-02
240600 	 1.210046e-02
240700 	 1.210139e-02
240800 	 1.210232e-02
240900 	 1.210326e-02
241000 	 1.210419e-02
241100 	 1.210512e-02
241200 	 1.210605e-02
241300 	 1.210698e-02
241400 	 1.210791e-02
241500 	 1.210884e-02
241600 	 1.210977e-02
241700 	 1.211070e-02
241800 	 1.211163e-02
241900 	 1.211255e-02
242000 	 1.211348e-02
242100 	 1.211440e-02
242200 	 1.211532e-02
242300 	 1.211625e-02
242400 	 1.211717e-02
242500 	 1.211809e-02
242600 	 1.211901e-02
242700 	 1.211993e-02
242800 	 1.212085e-02
242900 	 1.212177e-02
243000 	 1.212269e-02
243100 	 1.212360e-02
243200 	 1.212452e-02
243300 	 1.212543e-02
243400 	 1.212635e-02
243500 	 1.212726e-02
243600 	 1.212817e-02
243700 	 1.212909e-02
243800 	 1.213000e-02
243900 	 1.213091e-02
244000 	 1.213182e-02
244100 	 1.213273e-02
244200 	 1.213364e-02
244300 	 1.213454e-02
244400 	 1.213545e-02
244500 	 1.213636e-02
244600 	 1.213726e-02
244700 	 1.213817e-02
244800 	 1.213907e-02
244900 	 1.213998e-02
245000 	 1.214088e-02
245100 	 1.214178e-02
245200 	 1.214268e-02
245300 	 1.214358e-02
245400 	 1.214448e-02
245500 	 1.214538e-02
245600 	 1.214628e-02
245700 	 1.214718e-02
245800 	 1.214807e-02
245900 	 1.214897e-02
246000 	 1.214986e-02
246100 	 1.215076e-02
246200 	 1.215165e-02
246300 	 1.215254e-02
246400 	 1.215344e-02
246500 	 1.215433e-02
246600 	 1.215522e-02
246700 	 1.215611e-02
246800 	 1.215700e-02
246900 	 1.215789e-02
247000 	 1.215878e-02
247100 	 1.215966e-02
247200 	 1.216055e-02
247300 	 1.216144e-02
247400 	 1.216232e-02
247500 	 1.216321e-02
247600 	 1.216409e-02
247700 	 1.216497e-02
247800 	 1.216585e-02
247900 	 1.216674e-02
248000 	 1.216762e-02
248100 	 1.216850e-02
248200 	 1.216938e-02
248300 	 1.217025e-02
248400 	 1.217113e-02
248500 	 1.217201e-02
248600 	 1.217289e-02
248700 	 1.217376e-02
248800 	 1.217464e-02
248900 	 1.217551e-02
249000 	 1.217639e-02
249100 	 1.217726e-02
249200 	 1.217813e-02
249300 	 1.217900e-02
249400 	 1.217987e-02
249500 	 1.218074e-02
249600 	 1.218161e-02
249700 	 1.218248e-02
249800 	 1.218335e-02
249900 	 1.218422e-02
250000 	 1.218508e-02
250100 	 1.218595e-02
250200 	 1.218682e-02
250300 	 1.218768e-02
250400 	 1.218854e-02
250500 	 1.218941e-02
250600 	 1.219027e-02
250700 	 1.219113e-02
250800 	 1.219199e-02
250900 	 1.219285e-02
251000 	 1.219371e-02
251100 	 1.219457e-02
251200 	 1.219543e-02
251300 	 1.219629e-02
251400 	 1.219715e-02
251500 	 1.219800e-02
251600 	 1.219886e-02
251700 	 1.219971e-02
251800 	 1.220057e-02
251900 	 1.220142e-02
252000 	 1.220227e-02
252100 	 1.220313e-02
252200 	 1.220398e-02
252300 	 1.220483e-02
252400 	 1.220568e-02
252500 	 1.220653e-02
252600 	 1.220738e-02
252700 	 1.220823e-02
252800 	 1.220907e-02
252900 	 1.220992e-02
253000 	 1.221077e-02
253100 	 1.221161e-02
253200 	 1.221246e-02
253300 	 1.221330e-02
253400 	 1.221415e-02
253500 	 1.221499e-02
253600 	 1.221583e-02
253700 	 1.221667e-02
253800 	 1.221751e-02
253900 	 1.221835e-02
254000 	 1.221919e-02
254100 	 1.222003e-02
254200 	 1.222087e-02
254300 	 1.222171e-02
254400 	 1.222254e-02
254500 	 1.222338e-02
254600 	 1.222422e-02
254700 	 1.222505e-02
254800 	 1.222589e-02
254900 	 1.222672e-02
255000 	 1.222755e-02
255100 	 1.222838e-02
255200 	 1.222922e-02
255300 	 1.223005e-02
255400 	 1.223088e-02
255500 	 1.223171e-02
255600 	 1.223254e-02
255700 	 1.223336e-02
255800 	 1.223419e-02
255900 	 1.223502e-02
256000 	 1.223584e-02
256100 	 1.223667e-02
256200 	 1.223750e-02
256300 	 1.223832e-02
256400 	 1.223914e-02
256500 	 1.223997e-02
256600 	 1.224079e-02
256700 	 1.224161e-02
256800 	 1.224243e-02
256900 	 1.224325e-02
257000 	 1.224407e-02
257100 	 1.224489e-02
257200 	 1.224571e-02
257300 	 1.224653e-02
257400 	 1.224735e-02
257500 	 1.224816e-02
257600 	 1.224898e-02
257700 	 1.224979e-02
257800 	 1.225061e-02
257900 	 1.225142e-02
258000 	 1.225224e-02
258100 	 1.225305e-02
258200 	 1.225386e-02
258300 	 1.225467e-02
258400 	 1.225548e-02
258500 	 1.225629e-02
258600 	 1.225710e-02
258700 	 1.225791e-02
258800 	 1.225872e-02
258900 	 1.225953e-02
259000 	 1.226034e-02
259100 	 1.226114e-02
